DEBUG:asyncio:Using selector: EpollSelector
DEBUG:root:Configuration successfully retrieved
DEBUG:ant.base.driver:USB Find device, vendor 0xfcf, product 0x1008
DEBUG:ant.base.driver:USB Config values:
DEBUG:ant.base.driver: Config 1
DEBUG:ant.base.driver:  Interface 0, Alt 0
DEBUG:ant.base.driver:   Endpoint 129
DEBUG:ant.base.driver:   Endpoint 1
DEBUG:ant.base.driver:No kernel driver active
DEBUG:ant.base.driver:UBS Endpoint out:       ENDPOINT 0x1: Bulk OUT ===============================
       bLength          :    0x7 (7 bytes)
       bDescriptorType  :    0x5 Endpoint
       bEndpointAddress :    0x1 OUT
       bmAttributes     :    0x2 Bulk
       wMaxPacketSize   :   0x40 (64 bytes)
       bInterval        :    0x1, 1
DEBUG:ant.base.driver:UBS Endpoint in:       ENDPOINT 0x81: Bulk IN ===============================
       bLength          :    0x7 (7 bytes)
       bDescriptorType  :    0x5 Endpoint
       bEndpointAddress :   0x81 IN
       bmAttributes     :    0x2 Bulk
       wMaxPacketSize   :   0x40 (64 bytes)
       bInterval        :    0x1, 129
DEBUG:ant.base.ant:Ant runner started
DEBUG:ant.base.ant:Write data: [a4 01 4a 00 ef]
DEBUG:ant.base.ant:Read data: [a4 01 6f 20 ea] (now have [a4 01 6f 20 ea] in buffer)
DEBUG:ant.base.ant:Buffer len: 5
WARNING:ant.base.ant:<class 'usb.core.USBTimeoutError'>, (110, 'Operation timed out')
DEBUG:ant.base.ant:Write data: [a4 09 46 00 b9 a5 21 fb bd 72 c3 45 64]
DEBUG:ant.easy.filter:wait for message matching <function wait_for_response.<locals>.match at 0x7f4f56704160>
DEBUG:ant.base.ant:Read data: [a4 03 40 00 46 00 a1] (now have [a4 03 40 00 46 00 a1] in buffer)
DEBUG:ant.easy.filter:looking for matching message in deque([(None, 111, array('B', [32]))])
DEBUG:ant.base.ant:Buffer len: 7
DEBUG:ant.easy.filter: - could not find response matching <function wait_for_response.<locals>.match at 0x7f4f56704160>
DEBUG:ant.easy.filter:looking for matching message in deque([(None, 111, array('B', [32])), (0, 70, array('B', [0]))])
DEBUG:ant.easy.filter: - response found (0, 70, array('B', [0]))
DEBUG:ant.base.ant:Write data: [a4 03 42 00 00 00 e5]
DEBUG:ant.easy.filter:wait for message matching <function wait_for_response.<locals>.match at 0x7f4f567041f0>
DEBUG:ant.base.ant:Read data: [a4 03 40 00 42 00 a5] (now have [a4 03 40 00 42 00 a5] in buffer)
DEBUG:ant.easy.filter:looking for matching message in deque([(None, 111, array('B', [32]))])
DEBUG:ant.base.ant:Buffer len: 7
DEBUG:ant.easy.filter: - could not find response matching <function wait_for_response.<locals>.match at 0x7f4f567041f0>
DEBUG:ant.easy.filter:looking for matching message in deque([(None, 111, array('B', [32])), (0, 66, array('B', [0]))])
DEBUG:ant.easy.filter: - response found (0, 66, array('B', [0]))
DEBUG:ant.base.ant:Write data: [a4 03 43 00 96 1f 6d]
DEBUG:ant.easy.filter:wait for message matching <function wait_for_response.<locals>.match at 0x7f4f56704160>
DEBUG:ant.easy.filter:looking for matching message in deque([(None, 111, array('B', [32]))])
DEBUG:ant.easy.filter: - could not find response matching <function wait_for_response.<locals>.match at 0x7f4f56704160>
DEBUG:ant.base.ant:Read data: [a4 03 40 00 43 00 a4] (now have [a4 03 40 00 43 00 a4] in buffer)
DEBUG:ant.base.ant:Buffer len: 7
DEBUG:ant.easy.filter:looking for matching message in deque([(None, 111, array('B', [32])), (0, 67, array('B', [0]))])
DEBUG:ant.easy.filter: - response found (0, 67, array('B', [0]))
DEBUG:ant.base.ant:Write data: [a4 02 44 00 ff 1d]
DEBUG:ant.easy.filter:wait for message matching <function wait_for_response.<locals>.match at 0x7f4f567041f0>
DEBUG:ant.easy.filter:looking for matching message in deque([(None, 111, array('B', [32]))])
DEBUG:ant.easy.filter: - could not find response matching <function wait_for_response.<locals>.match at 0x7f4f567041f0>
DEBUG:ant.base.ant:Read data: [a4 03 40 00 44 00 a3] (now have [a4 03 40 00 44 00 a3] in buffer)
DEBUG:ant.base.ant:Buffer len: 7
DEBUG:ant.easy.filter:looking for matching message in deque([(None, 111, array('B', [32])), (0, 68, array('B', [0]))])
DEBUG:ant.easy.filter: - response found (0, 68, array('B', [0]))
DEBUG:ant.base.ant:Write data: [a4 02 45 00 39 da]
DEBUG:ant.easy.filter:wait for message matching <function wait_for_response.<locals>.match at 0x7f4f56704160>
DEBUG:ant.easy.filter:looking for matching message in deque([(None, 111, array('B', [32]))])
DEBUG:ant.easy.filter: - could not find response matching <function wait_for_response.<locals>.match at 0x7f4f56704160>
DEBUG:ant.base.ant:Read data: [a4 03 40 00 45 00 a2] (now have [a4 03 40 00 45 00 a2] in buffer)
DEBUG:ant.base.ant:Buffer len: 7
DEBUG:ant.easy.filter:looking for matching message in deque([(None, 111, array('B', [32])), (0, 69, array('B', [0]))])
DEBUG:ant.easy.filter: - response found (0, 69, array('B', [0]))
DEBUG:ant.base.ant:Write data: [a4 05 51 00 c6 5d 79 00 12]
DEBUG:ant.easy.filter:wait for message matching <function wait_for_response.<locals>.match at 0x7f4f567041f0>
DEBUG:ant.easy.filter:looking for matching message in deque([(None, 111, array('B', [32]))])
DEBUG:ant.easy.filter: - could not find response matching <function wait_for_response.<locals>.match at 0x7f4f567041f0>
DEBUG:ant.base.ant:Read data: [a4 03 40 00 51 00 b6] (now have [a4 03 40 00 51 00 b6] in buffer)
DEBUG:ant.base.ant:Buffer len: 7
DEBUG:ant.easy.filter:looking for matching message in deque([(None, 111, array('B', [32])), (0, 81, array('B', [0]))])
DEBUG:ant.easy.filter: - response found (0, 81, array('B', [0]))
DEBUG:ant.base.ant:Write data: [a4 01 4b 00 ee]
DEBUG:ant.easy.filter:wait for message matching <function wait_for_response.<locals>.match at 0x7f4f56704160>
DEBUG:ant.easy.filter:looking for matching message in deque([(None, 111, array('B', [32]))])
DEBUG:ant.easy.filter: - could not find response matching <function wait_for_response.<locals>.match at 0x7f4f56704160>
DEBUG:ant.base.ant:Read data: [a4 03 40 00 4b 00 ac] (now have [a4 03 40 00 4b 00 ac] in buffer)
DEBUG:ant.base.ant:Buffer len: 7
DEBUG:ant.easy.filter:looking for matching message in deque([(None, 111, array('B', [32])), (0, 75, array('B', [0]))])
DEBUG:ant.easy.filter: - response found (0, 75, array('B', [0]))
DEBUG:ant.base.ant:Write data: [a4 03 42 01 00 00 e4]
DEBUG:ant.easy.filter:wait for message matching <function wait_for_response.<locals>.match at 0x7f4f567041f0>
DEBUG:ant.easy.filter:looking for matching message in deque([(None, 111, array('B', [32]))])
DEBUG:ant.easy.filter: - could not find response matching <function wait_for_response.<locals>.match at 0x7f4f567041f0>
DEBUG:ant.base.ant:Read data: [a4 03 40 01 42 00 a4] (now have [a4 03 40 01 42 00 a4] in buffer)
DEBUG:ant.base.ant:Buffer len: 7
DEBUG:ant.easy.filter:looking for matching message in deque([(None, 111, array('B', [32])), (1, 66, array('B', [0]))])
DEBUG:ant.easy.filter: - response found (1, 66, array('B', [0]))
DEBUG:ant.base.ant:Write data: [a4 03 43 01 86 1f 7c]
DEBUG:ant.easy.filter:wait for message matching <function wait_for_response.<locals>.match at 0x7f4f56704160>
DEBUG:ant.easy.filter:looking for matching message in deque([(None, 111, array('B', [32]))])
DEBUG:ant.easy.filter: - could not find response matching <function wait_for_response.<locals>.match at 0x7f4f56704160>
DEBUG:ant.base.ant:Read data: [a4 03 40 01 43 00 a5] (now have [a4 03 40 01 43 00 a5] in buffer)
DEBUG:ant.base.ant:Buffer len: 7
DEBUG:ant.easy.filter:looking for matching message in deque([(None, 111, array('B', [32])), (1, 67, array('B', [0]))])
DEBUG:ant.easy.filter: - response found (1, 67, array('B', [0]))
DEBUG:ant.base.ant:Write data: [a4 02 44 01 ff 1c]
DEBUG:ant.easy.filter:wait for message matching <function wait_for_response.<locals>.match at 0x7f4f567041f0>
DEBUG:ant.easy.filter:looking for matching message in deque([(None, 111, array('B', [32]))])
DEBUG:ant.easy.filter: - could not find response matching <function wait_for_response.<locals>.match at 0x7f4f567041f0>
DEBUG:ant.base.ant:Read data: [a4 03 40 01 44 00 a2] (now have [a4 03 40 01 44 00 a2] in buffer)
DEBUG:ant.base.ant:Buffer len: 7
DEBUG:ant.easy.filter:looking for matching message in deque([(None, 111, array('B', [32])), (1, 68, array('B', [0]))])
DEBUG:ant.easy.filter: - response found (1, 68, array('B', [0]))
DEBUG:ant.base.ant:Write data: [a4 02 45 01 39 db]
DEBUG:ant.easy.filter:wait for message matching <function wait_for_response.<locals>.match at 0x7f4f56704160>
DEBUG:ant.easy.filter:looking for matching message in deque([(None, 111, array('B', [32]))])
DEBUG:ant.easy.filter: - could not find response matching <function wait_for_response.<locals>.match at 0x7f4f56704160>
DEBUG:ant.base.ant:Read data: [a4 03 40 01 45 00 a3] (now have [a4 03 40 01 45 00 a3] in buffer)
DEBUG:ant.base.ant:Buffer len: 7
DEBUG:ant.easy.filter:looking for matching message in deque([(None, 111, array('B', [32])), (1, 69, array('B', [0]))])
DEBUG:ant.easy.filter: - response found (1, 69, array('B', [0]))
DEBUG:ant.base.ant:Write data: [a4 05 51 01 d6 84 78 00 db]
DEBUG:ant.easy.filter:wait for message matching <function wait_for_response.<locals>.match at 0x7f4f567041f0>
DEBUG:ant.easy.filter:looking for matching message in deque([(None, 111, array('B', [32]))])
DEBUG:ant.easy.filter: - could not find response matching <function wait_for_response.<locals>.match at 0x7f4f567041f0>
DEBUG:ant.base.ant:Read data: [a4 03 40 01 51 00 b7] (now have [a4 03 40 01 51 00 b7] in buffer)
DEBUG:ant.base.ant:Buffer len: 7
DEBUG:ant.easy.filter:looking for matching message in deque([(None, 111, array('B', [32])), (1, 81, array('B', [0]))])
DEBUG:ant.easy.filter: - response found (1, 81, array('B', [0]))
DEBUG:ant.base.ant:Write data: [a4 01 4b 01 ef]
DEBUG:ant.easy.filter:wait for message matching <function wait_for_response.<locals>.match at 0x7f4f56704160>
DEBUG:ant.easy.filter:looking for matching message in deque([(None, 111, array('B', [32]))])
DEBUG:ant.easy.filter: - could not find response matching <function wait_for_response.<locals>.match at 0x7f4f56704160>
DEBUG:ant.base.ant:Read data: [a4 03 40 01 4b 00 ad] (now have [a4 03 40 01 4b 00 ad] in buffer)
DEBUG:ant.base.ant:Buffer len: 7
DEBUG:ant.easy.filter:looking for matching message in deque([(None, 111, array('B', [32])), (1, 75, array('B', [0]))])
DEBUG:ant.easy.filter: - response found (1, 75, array('B', [0]))
DEBUG:ant.base.ant:Write data: [a4 03 42 02 00 00 e7]
DEBUG:ant.easy.filter:wait for message matching <function wait_for_response.<locals>.match at 0x7f4f567041f0>
DEBUG:ant.easy.filter:looking for matching message in deque([(None, 111, array('B', [32]))])
DEBUG:ant.easy.filter: - could not find response matching <function wait_for_response.<locals>.match at 0x7f4f567041f0>
DEBUG:ant.base.ant:Read data: [a4 03 40 02 42 00 a7] (now have [a4 03 40 02 42 00 a7] in buffer)
DEBUG:ant.base.ant:Buffer len: 7
DEBUG:ant.easy.filter:looking for matching message in deque([(None, 111, array('B', [32])), (2, 66, array('B', [0]))])
DEBUG:ant.easy.filter: - response found (2, 66, array('B', [0]))
DEBUG:ant.base.ant:Write data: [a4 03 43 02 f6 1f 0f]
DEBUG:ant.easy.filter:wait for message matching <function wait_for_response.<locals>.match at 0x7f4f56704160>
DEBUG:ant.easy.filter:looking for matching message in deque([(None, 111, array('B', [32]))])
DEBUG:ant.easy.filter: - could not find response matching <function wait_for_response.<locals>.match at 0x7f4f56704160>
DEBUG:ant.base.ant:Read data: [a4 03 40 02 43 00 a6] (now have [a4 03 40 02 43 00 a6] in buffer)
DEBUG:ant.base.ant:Buffer len: 7
DEBUG:ant.easy.filter:looking for matching message in deque([(None, 111, array('B', [32])), (2, 67, array('B', [0]))])
DEBUG:ant.easy.filter: - response found (2, 67, array('B', [0]))
DEBUG:ant.base.ant:Write data: [a4 02 44 02 ff 1f]
DEBUG:ant.easy.filter:wait for message matching <function wait_for_response.<locals>.match at 0x7f4f567041f0>
DEBUG:ant.easy.filter:looking for matching message in deque([(None, 111, array('B', [32]))])
DEBUG:ant.easy.filter: - could not find response matching <function wait_for_response.<locals>.match at 0x7f4f567041f0>
DEBUG:ant.base.ant:Read data: [a4 03 40 02 44 00 a1] (now have [a4 03 40 02 44 00 a1] in buffer)
DEBUG:ant.base.ant:Buffer len: 7
DEBUG:ant.easy.filter:looking for matching message in deque([(None, 111, array('B', [32])), (2, 68, array('B', [0]))])
DEBUG:ant.easy.filter: - response found (2, 68, array('B', [0]))
DEBUG:ant.base.ant:Write data: [a4 02 45 02 39 d8]
DEBUG:ant.easy.filter:wait for message matching <function wait_for_response.<locals>.match at 0x7f4f56704160>
DEBUG:ant.easy.filter:looking for matching message in deque([(None, 111, array('B', [32]))])
DEBUG:ant.easy.filter: - could not find response matching <function wait_for_response.<locals>.match at 0x7f4f56704160>
DEBUG:ant.base.ant:Read data: [a4 03 40 02 45 00 a0] (now have [a4 03 40 02 45 00 a0] in buffer)
DEBUG:ant.base.ant:Buffer len: 7
DEBUG:ant.easy.filter:looking for matching message in deque([(None, 111, array('B', [32])), (2, 69, array('B', [0]))])
DEBUG:ant.easy.filter: - response found (2, 69, array('B', [0]))
DEBUG:ant.base.ant:Write data: [a4 05 51 02 bd a7 0b 00 e3]
DEBUG:ant.easy.filter:wait for message matching <function wait_for_response.<locals>.match at 0x7f4f567041f0>
DEBUG:ant.easy.filter:looking for matching message in deque([(None, 111, array('B', [32]))])
DEBUG:ant.easy.filter: - could not find response matching <function wait_for_response.<locals>.match at 0x7f4f567041f0>
DEBUG:ant.base.ant:Read data: [a4 03 40 02 51 00 b4] (now have [a4 03 40 02 51 00 b4] in buffer)
DEBUG:ant.base.ant:Buffer len: 7
DEBUG:ant.easy.filter:looking for matching message in deque([(None, 111, array('B', [32])), (2, 81, array('B', [0]))])
DEBUG:ant.easy.filter: - response found (2, 81, array('B', [0]))
DEBUG:ant.base.ant:Write data: [a4 01 4b 02 ec]
DEBUG:ant.easy.filter:wait for message matching <function wait_for_response.<locals>.match at 0x7f4f56704160>
DEBUG:ant.easy.filter:looking for matching message in deque([(None, 111, array('B', [32]))])
DEBUG:ant.easy.filter: - could not find response matching <function wait_for_response.<locals>.match at 0x7f4f56704160>
DEBUG:ant.base.ant:Read data: [a4 03 40 02 4b 00 ae] (now have [a4 03 40 02 4b 00 ae] in buffer)
DEBUG:ant.base.ant:Buffer len: 7
DEBUG:ant.easy.filter:looking for matching message in deque([(None, 111, array('B', [32])), (2, 75, array('B', [0]))])
DEBUG:ant.easy.filter: - response found (2, 75, array('B', [0]))
WARNING:ant.base.ant:<class 'usb.core.USBTimeoutError'>, (110, 'Operation timed out')
DEBUG:ant.base.ant:Read data: [a4 09 4e 02 13 36 ff ff ff ff ff ff c4] (now have [a4 09 4e 02 13 36 ff ff ff ff ff ff c4] in buffer)
DEBUG:ant.base.ant:Buffer len: 13
DEBUG:ant.base.ant:Read data: [a4 09 4e 02 10 36 ff 00 49 02 00 00 73] (now have [a4 09 4e 02 10 36 ff 00 49 02 00 00 73] in buffer)
DEBUG:ant.base.ant:Buffer len: 13
DEBUG:ant.base.ant:Read data: [a4 03 40 02 01 02 e6] (now have [a4 03 40 02 01 02 e6] in buffer)
DEBUG:ant.base.ant:Buffer len: 7
DEBUG:ant.base.ant:Got channel event, <ant.base.Message 40:[02 01 02] (s:a4, l:3, c:e6)>
DEBUG:root:Data read with payload {'powermeter': {'valid': True, 'database_instance': <core.database.Database object at 0x7f4f5672e280>, 'database_buffer': [], 'csv_dump': '/home/alby/bob/csv/powermeter_15-09-2023@02:26:17.csv', 'payload': {'timestamp': '1694737580.3792336', 'power': 0.0, 'instant_power': 0.0, 'cadence': 0.0}}, 'hall': {'valid': False, 'database_instance': <core.database.Database object at 0x7f4f5672e2e0>, 'database_buffer': [], 'csv_dump': '/home/alby/bob/csv/hall_15-09-2023@02:26:17.csv', 'payload': {'timestamp': 0, 'hall_cadence': 0, 'speed': 0, 'distance': 0}}, 'heartrate': {'valid': False, 'database_instance': <core.database.Database object at 0x7f4f5672e340>, 'database_buffer': [], 'csv_dump': '/home/alby/bob/csv/hearthrate_15-09-2023@02:26:17.csv', 'payload': {'timestamp': 0, 'heartrate': 0}}}
DEBUG:root:attempting to write on dB
DEBUG:root:attempt succeeded with {'timestamp': '1694737580.3792336', 'power': 0.0, 'instant_power': 0.0, 'cadence': 0.0}
DEBUG:ant.base.ant:Read data: [a4 09 4e 02 13 36 ff ff ff ff ff ff c4] (now have [a4 09 4e 02 13 36 ff ff ff ff ff ff c4] in buffer)
DEBUG:ant.base.ant:Buffer len: 13
DEBUG:ant.base.ant:Read data: [a4 09 4e 00 00 00 00 00 fe 85 4b 00 d3] (now have [a4 09 4e 00 00 00 00 00 fe 85 4b 00 d3] in buffer)
DEBUG:ant.base.ant:Buffer len: 13
DEBUG:ant.base.ant:Read data: [a4 09 4e 02 10 36 ff 00 49 02 00 00 73] (now have [a4 09 4e 02 10 36 ff 00 49 02 00 00 73] in buffer)
DEBUG:ant.base.ant:Buffer len: 13
DEBUG:ant.base.ant:Read data: [a4 09 4e 00 00 00 00 00 fe 85 4b 00 d3] (now have [a4 09 4e 00 00 00 00 00 fe 85 4b 00 d3] in buffer)
DEBUG:ant.base.ant:Buffer len: 13
DEBUG:ant.base.ant:Read data: [a4 03 40 02 01 02 e6] (now have [a4 03 40 02 01 02 e6] in buffer)
DEBUG:ant.base.ant:Buffer len: 7
DEBUG:ant.base.ant:Got channel event, <ant.base.Message 40:[02 01 02] (s:a4, l:3, c:e6)>
DEBUG:ant.base.ant:Read data: [a4 03 40 00 01 02 e4] (now have [a4 03 40 00 01 02 e4] in buffer)
DEBUG:ant.base.ant:Buffer len: 7
DEBUG:ant.base.ant:Got channel event, <ant.base.Message 40:[00 01 02] (s:a4, l:3, c:e4)>
DEBUG:ant.base.ant:Read data: [a4 03 40 02 01 02 e6] (now have [a4 03 40 02 01 02 e6] in buffer)
DEBUG:ant.base.ant:Buffer len: 7
DEBUG:ant.base.ant:Got channel event, <ant.base.Message 40:[02 01 02] (s:a4, l:3, c:e6)>
DEBUG:root:Data read with payload {'powermeter': {'valid': True, 'database_instance': <core.database.Database object at 0x7f4f5672e280>, 'database_buffer': [], 'csv_dump': '/home/alby/bob/csv/powermeter_15-09-2023@02:26:17.csv', 'payload': {'timestamp': '1694737580.3792336', 'power': 0.0, 'instant_power': 0.0, 'cadence': 0.0}}, 'hall': {'valid': True, 'database_instance': <core.database.Database object at 0x7f4f5672e2e0>, 'database_buffer': [], 'csv_dump': '/home/alby/bob/csv/hall_15-09-2023@02:26:17.csv', 'payload': {'timestamp': '1694737581.3685737', 'hall_cadence': 0.0, 'speed': 0.0, 'distance': 0.0}}, 'heartrate': {'valid': False, 'database_instance': <core.database.Database object at 0x7f4f5672e340>, 'database_buffer': [], 'csv_dump': '/home/alby/bob/csv/hearthrate_15-09-2023@02:26:17.csv', 'payload': {'timestamp': 0, 'heartrate': 0}}}
DEBUG:root:attempting to write on dB
DEBUG:root:attempt succeeded with {'timestamp': '1694737581.3685737', 'hall_cadence': 0.0, 'speed': 0.0, 'distance': 0.0}
DEBUG:ant.base.ant:Read data: [a4 03 40 00 01 02 e4] (now have [a4 03 40 00 01 02 e4] in buffer)
DEBUG:ant.base.ant:Buffer len: 7
DEBUG:ant.base.ant:Got channel event, <ant.base.Message 40:[00 01 02] (s:a4, l:3, c:e4)>
DEBUG:root:Data read with payload {'powermeter': {'valid': True, 'database_instance': <core.database.Database object at 0x7f4f5672e280>, 'database_buffer': [], 'csv_dump': '/home/alby/bob/csv/powermeter_15-09-2023@02:26:17.csv', 'payload': {'timestamp': '1694737581.1282809', 'power': 0.0, 'instant_power': 0.0, 'cadence': 0.0}}, 'hall': {'valid': True, 'database_instance': <core.database.Database object at 0x7f4f5672e2e0>, 'database_buffer': [], 'csv_dump': '/home/alby/bob/csv/hall_15-09-2023@02:26:17.csv', 'payload': {'timestamp': '1694737581.3685737', 'hall_cadence': 0.0, 'speed': 0.0, 'distance': 0.0}}, 'heartrate': {'valid': False, 'database_instance': <core.database.Database object at 0x7f4f5672e340>, 'database_buffer': [], 'csv_dump': '/home/alby/bob/csv/hearthrate_15-09-2023@02:26:17.csv', 'payload': {'timestamp': 0, 'heartrate': 0}}}
DEBUG:root:attempting to write on dB
DEBUG:root:attempt succeeded with {'timestamp': '1694737581.1282809', 'power': 0.0, 'instant_power': 0.0, 'cadence': 0.0}
DEBUG:ant.base.ant:Read data: [a4 09 4e 02 10 36 ff 00 49 02 00 00 73] (now have [a4 09 4e 02 10 36 ff 00 49 02 00 00 73] in buffer)
DEBUG:ant.base.ant:Buffer len: 13
DEBUG:ant.base.ant:Read data: [a4 09 4e 00 00 00 00 00 fe 85 4b 00 d3] (now have [a4 09 4e 00 00 00 00 00 fe 85 4b 00 d3] in buffer)
DEBUG:ant.base.ant:Buffer len: 13
DEBUG:ant.base.ant:Read data: [a4 09 4e 02 13 36 ff ff ff ff ff ff c4] (now have [a4 09 4e 02 13 36 ff ff ff ff ff ff c4] in buffer)
DEBUG:ant.base.ant:Buffer len: 13
DEBUG:ant.base.ant:Read data: [a4 09 4e 00 00 00 00 00 fe 85 4b 00 d3] (now have [a4 09 4e 00 00 00 00 00 fe 85 4b 00 d3] in buffer)
DEBUG:ant.base.ant:Buffer len: 13
DEBUG:ant.base.ant:Read data: [a4 09 4e 02 10 36 ff 00 49 02 00 00 73] (now have [a4 09 4e 02 10 36 ff 00 49 02 00 00 73] in buffer)
DEBUG:ant.base.ant:Buffer len: 13
DEBUG:ant.base.ant:Read data: [a4 09 4e 00 00 00 00 00 fe 85 4b 00 d3] (now have [a4 09 4e 00 00 00 00 00 fe 85 4b 00 d3] in buffer)
DEBUG:ant.base.ant:Buffer len: 13
DEBUG:ant.base.ant:Read data: [a4 09 4e 02 10 36 ff 00 49 02 00 00 73] (now have [a4 09 4e 02 10 36 ff 00 49 02 00 00 73] in buffer)
DEBUG:ant.base.ant:Buffer len: 13
DEBUG:ant.base.ant:Read data: [a4 09 4e 00 00 00 00 00 fe 85 4b 00 d3] (now have [a4 09 4e 00 00 00 00 00 fe 85 4b 00 d3] in buffer)
DEBUG:ant.base.ant:Buffer len: 13
DEBUG:root:Data read with payload {'powermeter': {'valid': True, 'database_instance': <core.database.Database object at 0x7f4f5672e280>, 'database_buffer': [], 'csv_dump': '/home/alby/bob/csv/powermeter_15-09-2023@02:26:17.csv', 'payload': {'timestamp': '1694737581.1282809', 'power': 0.0, 'instant_power': 0.0, 'cadence': 0.0}}, 'hall': {'valid': True, 'database_instance': <core.database.Database object at 0x7f4f5672e2e0>, 'database_buffer': [], 'csv_dump': '/home/alby/bob/csv/hall_15-09-2023@02:26:17.csv', 'payload': {'timestamp': '1694737582.8495839', 'hall_cadence': 0.0, 'speed': 0.0, 'distance': 0.0}}, 'heartrate': {'valid': False, 'database_instance': <core.database.Database object at 0x7f4f5672e340>, 'database_buffer': [], 'csv_dump': '/home/alby/bob/csv/hearthrate_15-09-2023@02:26:17.csv', 'payload': {'timestamp': 0, 'heartrate': 0}}}
DEBUG:root:attempting to write on dB
DEBUG:root:attempt succeeded with {'timestamp': '1694737582.8495839', 'hall_cadence': 0.0, 'speed': 0.0, 'distance': 0.0}
DEBUG:ant.base.ant:Read data: [a4 09 4e 02 10 36 ff 00 49 02 00 00 73] (now have [a4 09 4e 02 10 36 ff 00 49 02 00 00 73] in buffer)
DEBUG:ant.base.ant:Buffer len: 13
DEBUG:root:Data read with payload {'powermeter': {'valid': True, 'database_instance': <core.database.Database object at 0x7f4f5672e280>, 'database_buffer': [], 'csv_dump': '/home/alby/bob/csv/powermeter_15-09-2023@02:26:17.csv', 'payload': {'timestamp': '1694737582.8752663', 'power': 0.0, 'instant_power': 0.0, 'cadence': 0.0}}, 'hall': {'valid': True, 'database_instance': <core.database.Database object at 0x7f4f5672e2e0>, 'database_buffer': [], 'csv_dump': '/home/alby/bob/csv/hall_15-09-2023@02:26:17.csv', 'payload': {'timestamp': '1694737582.8495839', 'hall_cadence': 0.0, 'speed': 0.0, 'distance': 0.0}}, 'heartrate': {'valid': False, 'database_instance': <core.database.Database object at 0x7f4f5672e340>, 'database_buffer': [], 'csv_dump': '/home/alby/bob/csv/hearthrate_15-09-2023@02:26:17.csv', 'payload': {'timestamp': 0, 'heartrate': 0}}}
DEBUG:root:attempting to write on dB
DEBUG:root:attempt succeeded with {'timestamp': '1694737582.8752663', 'power': 0.0, 'instant_power': 0.0, 'cadence': 0.0}
DEBUG:ant.base.ant:Read data: [a4 09 4e 00 00 00 00 00 fe 85 4b 00 d3] (now have [a4 09 4e 00 00 00 00 00 fe 85 4b 00 d3] in buffer)
DEBUG:ant.base.ant:Buffer len: 13
DEBUG:ant.base.ant:Read data: [a4 09 4e 02 10 36 ff 00 49 02 00 00 73] (now have [a4 09 4e 02 10 36 ff 00 49 02 00 00 73] in buffer)
DEBUG:ant.base.ant:Buffer len: 13
DEBUG:ant.easy.node:Stoping ant.easy
DEBUG:ant.base.ant:Stoping ant.base
DEBUG:ant.base.ant:Read data: [a4 09 4e 00 00 00 00 00 fe 85 4b 00 d3] (now have [a4 09 4e 00 00 00 00 00 fe 85 4b 00 d3] in buffer)
DEBUG:ant.base.ant:Buffer len: 13
DEBUG:ant.base.ant:Ant runner stopped
